2015-06-11 16:57:10,559	jobflow.receiver	INFO	App config: /tmp/jobflow-config-app.yaml
2015-06-11 16:57:10,561	jobflow.receiver	INFO	Job directory: /tmp/jobflow/jobs/
2015-06-11 16:57:10,562	jobflow.receiver	INFO	Listening on port 5000, under url "/jobflow"
2015-06-11 16:57:14,893	jobflow.receiver	INFO	New input(s) arrived.
2015-06-11 16:57:14,902	jobflow.receiver	DEBUG	- inputfile: one_file_0
2015-06-11 16:57:14,903	jobflow.receiver	DEBUG	- inputfile: two_file_1
2015-06-11 16:57:14,903	jobflow.receiver	DEBUG	- inputfile: two_file_0
2015-06-11 16:57:14,904	jobflow.receiver	DEBUG	- inputfile: one_file_1
2015-06-11 16:57:14,905	jobflow.receiver	DEBUG	- inputfile: one_file_2
2015-06-11 16:57:14,906	jobflow.receiver	DEBUG	- inputfile: two_file_2
2015-06-11 16:57:14,907	jobflow.receiver	DEBUG	Job deployment starts.
2015-06-11 16:57:14,908	jobflow.receiver	DEBUG	- jobid: R_job_0_1
2015-06-11 16:57:14,909	jobflow.receiver	DEBUG	- wfid: 2015-06-11-16-57-14-865055-unique-id-of-the-wf
2015-06-11 16:57:14,910	jobflow.receiver	DEBUG	- jobinput files: ['one_file_0', 'two_file_1']
2015-06-11 16:57:14,910	jobflow.receiver	DEBUG	- downloading http://mishra.lpds.sztaki.hu/edgidemo/download/jobflow/jobflow-app1.tgz...
2015-06-11 16:57:14,917	jobflow.receiver	DEBUG	- executable downloaded: /tmp/jobflow/jobs/2015-06-11-16-57-14-865055-unique-id-of-the-wf/R_job_0_1/sandbox/jobflow-app1.tgz
2015-06-11 16:57:14,921	jobflow.receiver	DEBUG	- executable extracted.
2015-06-11 16:57:14,924	jobflow.receiver	DEBUG	- executable: exe.bin
2015-06-11 16:57:14,925	jobflow.receiver	DEBUG	- passed for exec: E_job_0_1
2015-06-11 16:57:14,926	jobflow.receiver	INFO	Job deployment finished.
2015-06-11 16:57:14,927	jobflow.receiver	DEBUG	Job deployment starts.
2015-06-11 16:57:14,928	jobflow.receiver	DEBUG	- jobid: R_job_0_0
2015-06-11 16:57:14,929	jobflow.receiver	DEBUG	- wfid: 2015-06-11-16-57-14-865055-unique-id-of-the-wf
2015-06-11 16:57:14,929	jobflow.receiver	DEBUG	- jobinput files: ['one_file_0', 'two_file_0']
2015-06-11 16:57:14,930	jobflow.receiver	DEBUG	- downloading http://mishra.lpds.sztaki.hu/edgidemo/download/jobflow/jobflow-app1.tgz...
2015-06-11 16:57:14,934	jobflow.receiver	DEBUG	- executable downloaded: /tmp/jobflow/jobs/2015-06-11-16-57-14-865055-unique-id-of-the-wf/R_job_0_0/sandbox/jobflow-app1.tgz
2015-06-11 16:57:14,936	jobflow.receiver	DEBUG	- executable extracted.
2015-06-11 16:57:14,936	jobflow.receiver	DEBUG	- executable: exe.bin
2015-06-11 16:57:14,937	jobflow.receiver	DEBUG	- passed for exec: E_job_0_0
2015-06-11 16:57:14,937	jobflow.receiver	INFO	Job deployment finished.
2015-06-11 16:57:14,938	jobflow.receiver	DEBUG	Job deployment starts.
2015-06-11 16:57:14,939	jobflow.receiver	DEBUG	- jobid: R_job_1_0
2015-06-11 16:57:14,940	jobflow.receiver	DEBUG	- wfid: 2015-06-11-16-57-14-865055-unique-id-of-the-wf
2015-06-11 16:57:14,941	jobflow.receiver	DEBUG	- jobinput files: ['one_file_1', 'two_file_0']
2015-06-11 16:57:14,942	jobflow.receiver	DEBUG	- downloading http://mishra.lpds.sztaki.hu/edgidemo/download/jobflow/jobflow-app1.tgz...
2015-06-11 16:57:14,947	jobflow.receiver	DEBUG	- executable downloaded: /tmp/jobflow/jobs/2015-06-11-16-57-14-865055-unique-id-of-the-wf/R_job_1_0/sandbox/jobflow-app1.tgz
2015-06-11 16:57:14,948	jobflow.receiver	DEBUG	- executable extracted.
2015-06-11 16:57:14,949	jobflow.receiver	DEBUG	- executable: exe.bin
2015-06-11 16:57:14,951	jobflow.receiver	DEBUG	- passed for exec: E_job_1_0
2015-06-11 16:57:14,951	jobflow.receiver	INFO	Job deployment finished.
2015-06-11 16:57:14,952	jobflow.receiver	DEBUG	Job deployment starts.
2015-06-11 16:57:14,952	jobflow.receiver	DEBUG	- jobid: R_job_1_1
2015-06-11 16:57:14,952	jobflow.receiver	DEBUG	- wfid: 2015-06-11-16-57-14-865055-unique-id-of-the-wf
2015-06-11 16:57:14,952	jobflow.receiver	DEBUG	- jobinput files: ['one_file_1', 'two_file_1']
2015-06-11 16:57:14,953	jobflow.receiver	DEBUG	- downloading http://mishra.lpds.sztaki.hu/edgidemo/download/jobflow/jobflow-app1.tgz...
2015-06-11 16:57:14,957	jobflow.receiver	DEBUG	- executable downloaded: /tmp/jobflow/jobs/2015-06-11-16-57-14-865055-unique-id-of-the-wf/R_job_1_1/sandbox/jobflow-app1.tgz
2015-06-11 16:57:14,959	jobflow.receiver	DEBUG	- executable extracted.
2015-06-11 16:57:14,960	jobflow.receiver	DEBUG	- executable: exe.bin
2015-06-11 16:57:14,962	jobflow.receiver	DEBUG	- passed for exec: E_job_1_1
2015-06-11 16:57:14,963	jobflow.receiver	INFO	Job deployment finished.
2015-06-11 16:57:14,964	jobflow.receiver	DEBUG	Job deployment starts.
2015-06-11 16:57:14,965	jobflow.receiver	DEBUG	- jobid: R_job_2_0
2015-06-11 16:57:14,965	jobflow.receiver	DEBUG	- wfid: 2015-06-11-16-57-14-865055-unique-id-of-the-wf
2015-06-11 16:57:14,966	jobflow.receiver	DEBUG	- jobinput files: ['one_file_2', 'two_file_0']
2015-06-11 16:57:14,966	jobflow.receiver	DEBUG	- downloading http://mishra.lpds.sztaki.hu/edgidemo/download/jobflow/jobflow-app1.tgz...
2015-06-11 16:57:14,971	jobflow.receiver	DEBUG	- executable downloaded: /tmp/jobflow/jobs/2015-06-11-16-57-14-865055-unique-id-of-the-wf/R_job_2_0/sandbox/jobflow-app1.tgz
2015-06-11 16:57:14,973	jobflow.receiver	DEBUG	- executable extracted.
2015-06-11 16:57:14,975	jobflow.receiver	DEBUG	- executable: exe.bin
2015-06-11 16:57:14,976	jobflow.receiver	DEBUG	- passed for exec: E_job_2_0
2015-06-11 16:57:14,977	jobflow.receiver	INFO	Job deployment finished.
2015-06-11 16:57:14,979	jobflow.receiver	DEBUG	Job deployment starts.
2015-06-11 16:57:14,980	jobflow.receiver	DEBUG	- jobid: R_job_2_1
2015-06-11 16:57:14,980	jobflow.receiver	DEBUG	- wfid: 2015-06-11-16-57-14-865055-unique-id-of-the-wf
2015-06-11 16:57:14,981	jobflow.receiver	DEBUG	- jobinput files: ['one_file_2', 'two_file_1']
2015-06-11 16:57:14,981	jobflow.receiver	DEBUG	- downloading http://mishra.lpds.sztaki.hu/edgidemo/download/jobflow/jobflow-app1.tgz...
2015-06-11 16:57:14,985	jobflow.receiver	DEBUG	- executable downloaded: /tmp/jobflow/jobs/2015-06-11-16-57-14-865055-unique-id-of-the-wf/R_job_2_1/sandbox/jobflow-app1.tgz
2015-06-11 16:57:14,987	jobflow.receiver	DEBUG	- executable extracted.
2015-06-11 16:57:14,989	jobflow.receiver	DEBUG	- executable: exe.bin
2015-06-11 16:57:14,990	jobflow.receiver	DEBUG	- passed for exec: E_job_2_1
2015-06-11 16:57:14,991	jobflow.receiver	INFO	Job deployment finished.
2015-06-11 16:57:14,992	jobflow.receiver	DEBUG	Job deployment starts.
2015-06-11 16:57:14,992	jobflow.receiver	DEBUG	- jobid: R_job_0_2
2015-06-11 16:57:14,992	jobflow.receiver	DEBUG	- wfid: 2015-06-11-16-57-14-865055-unique-id-of-the-wf
2015-06-11 16:57:14,993	jobflow.receiver	DEBUG	- jobinput files: ['one_file_0', 'two_file_2']
2015-06-11 16:57:14,993	jobflow.receiver	DEBUG	- downloading http://mishra.lpds.sztaki.hu/edgidemo/download/jobflow/jobflow-app1.tgz...
2015-06-11 16:57:14,997	jobflow.receiver	DEBUG	- executable downloaded: /tmp/jobflow/jobs/2015-06-11-16-57-14-865055-unique-id-of-the-wf/R_job_0_2/sandbox/jobflow-app1.tgz
2015-06-11 16:57:14,999	jobflow.receiver	DEBUG	- executable extracted.
2015-06-11 16:57:15,001	jobflow.receiver	DEBUG	- executable: exe.bin
2015-06-11 16:57:15,002	jobflow.receiver	DEBUG	- passed for exec: E_job_0_2
2015-06-11 16:57:15,003	jobflow.receiver	INFO	Job deployment finished.
2015-06-11 16:57:15,004	jobflow.receiver	DEBUG	Job deployment starts.
2015-06-11 16:57:15,005	jobflow.receiver	DEBUG	- jobid: R_job_1_2
2015-06-11 16:57:15,005	jobflow.receiver	DEBUG	- wfid: 2015-06-11-16-57-14-865055-unique-id-of-the-wf
2015-06-11 16:57:15,005	jobflow.receiver	DEBUG	- jobinput files: ['one_file_1', 'two_file_2']
2015-06-11 16:57:15,006	jobflow.receiver	DEBUG	- downloading http://mishra.lpds.sztaki.hu/edgidemo/download/jobflow/jobflow-app1.tgz...
2015-06-11 16:57:15,009	jobflow.receiver	DEBUG	- executable downloaded: /tmp/jobflow/jobs/2015-06-11-16-57-14-865055-unique-id-of-the-wf/R_job_1_2/sandbox/jobflow-app1.tgz
2015-06-11 16:57:15,011	jobflow.receiver	DEBUG	- executable extracted.
2015-06-11 16:57:15,012	jobflow.receiver	DEBUG	- executable: exe.bin
2015-06-11 16:57:15,013	jobflow.receiver	DEBUG	- passed for exec: E_job_1_2
2015-06-11 16:57:15,014	jobflow.receiver	INFO	Job deployment finished.
2015-06-11 16:57:15,015	jobflow.receiver	DEBUG	Job deployment starts.
2015-06-11 16:57:15,015	jobflow.receiver	DEBUG	- jobid: R_job_2_2
2015-06-11 16:57:15,015	jobflow.receiver	DEBUG	- wfid: 2015-06-11-16-57-14-865055-unique-id-of-the-wf
2015-06-11 16:57:15,016	jobflow.receiver	DEBUG	- jobinput files: ['one_file_2', 'two_file_2']
2015-06-11 16:57:15,016	jobflow.receiver	DEBUG	- downloading http://mishra.lpds.sztaki.hu/edgidemo/download/jobflow/jobflow-app1.tgz...
2015-06-11 16:57:15,020	jobflow.receiver	DEBUG	- executable downloaded: /tmp/jobflow/jobs/2015-06-11-16-57-14-865055-unique-id-of-the-wf/R_job_2_2/sandbox/jobflow-app1.tgz
2015-06-11 16:57:15,021	jobflow.receiver	DEBUG	- executable extracted.
2015-06-11 16:57:15,022	jobflow.receiver	DEBUG	- executable: exe.bin
2015-06-11 16:57:15,023	jobflow.receiver	DEBUG	- passed for exec: E_job_2_2
2015-06-11 16:57:15,024	jobflow.receiver	INFO	Job deployment finished.
